


ARM Macro Assembler    Page 1 


    1 00000000         ; This file is used to initiate a sofwtare interrupt wit
                       h a flag
    2 00000000         ; that corresponds to the correct logging operation. The
                       se include:
    3 00000000         ; - store data
    4 00000000         ; - view velocity
    5 00000000         ; - view velocity set point (target velocity)
    6 00000000         ; - view brake state (on/off)
    7 00000000         ; - view DMS (dead man switch) state (on/off)
    8 00000000         
    9 00000000                 AREA             store_data, CODE
   10 00000000                 EXPORT           store
   11 00000000                 EXPORT           view_vel
   12 00000000                 EXPORT           view_vel_setpoint
   13 00000000                 EXPORT           view_brake
   14 00000000                 EXPORT           view_dms
   15 00000000         
   16 00000000 00000000 
                       SWI_store
                               EQU              0x0         ; SWI flag for stor
                                                            ing data
   17 00000000 00000001 
                       SWI_vel EQU              0x1         ; SWI flag for view
                                                            ing velocity 
   18 00000000 00000002 
                       SWI_vel_set
                               EQU              0x2         ; SWI flag for view
                                                            ing velocity set po
                                                            int (target velocit
                                                            y)
   19 00000000 00000003 
                       SWI_brake
                               EQU              0x3         ; SWI flag for view
                                                            ing brake state
   20 00000000 00000004 
                       SWI_dms EQU              0x4         ; SWI flag for view
                                                            ing DMS state
   21 00000000         
   22 00000000         ; initiate software interrupt with store flag
   23 00000000 EF000000 
                       store   SWI              SWI_store
   24 00000004 EA000006        B                finish
   25 00000008         
   26 00000008         ; initiate software interrupt with view velocity flag
   27 00000008 EF000001 
                       view_vel
                               SWI              SWI_vel
   28 0000000C EA000004        B                finish
   29 00000010         
   30 00000010         ; initiate software interrupt with view velocity set poi
                       nt flag
   31 00000010 EF000002 
                       view_vel_setpoint
                               SWI              SWI_vel_set
   32 00000014 EA000002        B                finish
   33 00000018         
   34 00000018         ; initiate software interrupt with view brake state flag
                       
   35 00000018 EF000003 



ARM Macro Assembler    Page 2 


                       view_brake
                               SWI              SWI_brake
   36 0000001C EA000000        B                finish
   37 00000020         
   38 00000020         ; initiate software interrupt with view DMS state flag
   39 00000020 EF000004 
                       view_dms
                               SWI              SWI_dms
   40 00000024         
   41 00000024         ; return to access_data 
   42 00000024 E12FFF1E 
                       finish  BX               LR
   43 00000028         
   44 00000028                 END
Command Line: --debug --xref --apcs=interwork --depend=.\data_management.d -o.\
data_management.o -IC:\Keil\ARM\RV31\Inc -IC:\Keil\ARM\CMSIS\Include -IC:\Keil\
ARM\Inc\Philips --predefine="__EVAL SETA 1" --list=.\data_management.lst ..\log
ging\data_management.s



ARM Macro Assembler    Page 1 Alphabetic symbol ordering
Relocatable symbols

finish 00000024

Symbol: finish
   Definitions
      At line 42 in file ..\logging\data_management.s
   Uses
      At line 24 in file ..\logging\data_management.s
      At line 28 in file ..\logging\data_management.s
      At line 32 in file ..\logging\data_management.s
      At line 36 in file ..\logging\data_management.s

store 00000000

Symbol: store
   Definitions
      At line 23 in file ..\logging\data_management.s
   Uses
      At line 10 in file ..\logging\data_management.s
Comment: store used once
store_data 00000000

Symbol: store_data
   Definitions
      At line 9 in file ..\logging\data_management.s
   Uses
      None
Comment: store_data unused
view_brake 00000018

Symbol: view_brake
   Definitions
      At line 35 in file ..\logging\data_management.s
   Uses
      At line 13 in file ..\logging\data_management.s
Comment: view_brake used once
view_dms 00000020

Symbol: view_dms
   Definitions
      At line 39 in file ..\logging\data_management.s
   Uses
      At line 14 in file ..\logging\data_management.s
Comment: view_dms used once
view_vel 00000008

Symbol: view_vel
   Definitions
      At line 27 in file ..\logging\data_management.s
   Uses
      At line 11 in file ..\logging\data_management.s
Comment: view_vel used once
view_vel_setpoint 00000010

Symbol: view_vel_setpoint
   Definitions
      At line 31 in file ..\logging\data_management.s
   Uses
      At line 12 in file ..\logging\data_management.s
Comment: view_vel_setpoint used once



ARM Macro Assembler    Page 2 Alphabetic symbol ordering
Relocatable symbols

7 symbols



ARM Macro Assembler    Page 1 Alphabetic symbol ordering
Absolute symbols

SWI_brake 00000003

Symbol: SWI_brake
   Definitions
      At line 19 in file ..\logging\data_management.s
   Uses
      At line 35 in file ..\logging\data_management.s
Comment: SWI_brake used once
SWI_dms 00000004

Symbol: SWI_dms
   Definitions
      At line 20 in file ..\logging\data_management.s
   Uses
      At line 39 in file ..\logging\data_management.s
Comment: SWI_dms used once
SWI_store 00000000

Symbol: SWI_store
   Definitions
      At line 16 in file ..\logging\data_management.s
   Uses
      At line 23 in file ..\logging\data_management.s
Comment: SWI_store used once
SWI_vel 00000001

Symbol: SWI_vel
   Definitions
      At line 17 in file ..\logging\data_management.s
   Uses
      At line 27 in file ..\logging\data_management.s
Comment: SWI_vel used once
SWI_vel_set 00000002

Symbol: SWI_vel_set
   Definitions
      At line 18 in file ..\logging\data_management.s
   Uses
      At line 31 in file ..\logging\data_management.s
Comment: SWI_vel_set used once
5 symbols
343 symbols in table
