


ARM Macro Assembler    Page 1 


    1 00000000         ; Reference: UNSW DESN2000 Lecture Slides
    2 00000000         
    3 00000000         ; Exception Vector Table:
    4 00000000         ; These instructions are mapped to address 0x0000 0000. 
                       
    5 00000000         ; Unimplemented handlers are currently infinite loops.
    6 00000000         
    7 00000000                 PRESERVE8                    ; Preserve 8-bit Al
                                                            ignment
    8 00000000                 AREA             DATA, CODE, READONLY
    9 00000000         
   10 00000000 E59FF018 
                       ResetVect
                               LDR              PC, Reset_Addr ; 0x0000
   11 00000004 E59FF018 
                       UndefVect
                               LDR              PC, Undef_Addr ; 0x0004
   12 00000008 E59FF018 
                       SWIVect LDR              PC, SWI_Addr ; 0x0008
   13 0000000C E59FF018 
                       PAbtVect
                               LDR              PC, PAbt_Addr ; 0x000C
   14 00000010 E59FF018 
                       DabtVect
                               LDR              PC, DAbt_Addr ; 0x0010
   15 00000014 E1A00000        NOP                          ; 0x0014 Reserved V
                                                            ector 
   16 00000018 E59FF018 
                       IRQVect LDR              PC, IRQ_Addr ; 0x0018
   17 0000001C E59FF018 
                       FIQVect LDR              PC, FIQ_Addr ; 0x001C
   18 00000020         
   19 00000020         ;;;;;;;;;;;;;;;;;;;;;;;;;;;;;;;;;;;;;;;;;;;;;;;;;;;;;;;;
                       ;;;;;;;;;;;
   20 00000020         
   21 00000020 00000000 
                       Reset_Addr
                               DCD              Reset_Handler
   22 00000024 00000000 
                       Undef_Addr
                               DCD              Undef_Handler
   23 00000028 00000000 
                       SWI_Addr
                               DCD              SWI_Handler
   24 0000002C 00000000 
                       PAbt_Addr
                               DCD              PAbt_Handler
   25 00000030 00000000 
                       DAbt_Addr
                               DCD              DAbt_Handler
   26 00000034 00000000        DCD              0           ; Reserved Address 
                                                            
   27 00000038 00000000 
                       IRQ_Addr
                               DCD              IRQ_Handler
   28 0000003C 00000000 
                       FIQ_Addr
                               DCD              FIQ_Handler
   29 00000040         



ARM Macro Assembler    Page 2 


   30 00000040 EAFFFFFE 
                       Undef_Handler
                               B                Undef_Handler ; Currently an in
                                                            finite loop
   31 00000044         
   32 00000044                 IMPORT           SWI_Handler ; handler for softw
                                                            are interrupt
   33 00000044         
   34 00000044 EAFFFFFE 
                       PAbt_Handler
                               B                PAbt_Handler ; Currently an inf
                                                            inite loop
   35 00000048 EAFFFFFE 
                       DAbt_Handler
                               B                DAbt_Handler ; Currently an inf
                                                            inite loop
   36 0000004C EAFFFFFE 
                       IRQ_Handler
                               B                IRQ_Handler ; Currently an infi
                                                            nite loop
   37 00000050 EAFFFFFE 
                       FIQ_Handler
                               B                FIQ_Handler ; Currently an infi
                                                            nite loop
   38 00000054 EAFFFFFE 
                       Reset_Handler
                               B                Reset_Handler ; Currently an in
                                                            finite loop
   39 00000058         
   40 00000058                 END
Command Line: --debug --xref --apcs=interwork --depend=.\exception_vector_table
.d -o.\exception_vector_table.o -IC:\Keil\ARM\RV31\Inc -IC:\Keil\ARM\CMSIS\Incl
ude -IC:\Keil\ARM\Inc\Philips --predefine="__EVAL SETA 1" --list=.\exception_ve
ctor_table.lst ..\logging\exception_vector_table.s



ARM Macro Assembler    Page 1 Alphabetic symbol ordering
Relocatable symbols

DATA 00000000

Symbol: DATA
   Definitions
      At line 8 in file ..\logging\exception_vector_table.s
   Uses
      None
Comment: DATA unused
DAbt_Addr 00000030

Symbol: DAbt_Addr
   Definitions
      At line 25 in file ..\logging\exception_vector_table.s
   Uses
      At line 14 in file ..\logging\exception_vector_table.s
Comment: DAbt_Addr used once
DAbt_Handler 00000048

Symbol: DAbt_Handler
   Definitions
      At line 35 in file ..\logging\exception_vector_table.s
   Uses
      At line 25 in file ..\logging\exception_vector_table.s
      At line 35 in file ..\logging\exception_vector_table.s

DabtVect 00000010

Symbol: DabtVect
   Definitions
      At line 14 in file ..\logging\exception_vector_table.s
   Uses
      None
Comment: DabtVect unused
FIQVect 0000001C

Symbol: FIQVect
   Definitions
      At line 17 in file ..\logging\exception_vector_table.s
   Uses
      None
Comment: FIQVect unused
FIQ_Addr 0000003C

Symbol: FIQ_Addr
   Definitions
      At line 28 in file ..\logging\exception_vector_table.s
   Uses
      At line 17 in file ..\logging\exception_vector_table.s
Comment: FIQ_Addr used once
FIQ_Handler 00000050

Symbol: FIQ_Handler
   Definitions
      At line 37 in file ..\logging\exception_vector_table.s
   Uses
      At line 28 in file ..\logging\exception_vector_table.s
      At line 37 in file ..\logging\exception_vector_table.s

IRQVect 00000018



ARM Macro Assembler    Page 2 Alphabetic symbol ordering
Relocatable symbols


Symbol: IRQVect
   Definitions
      At line 16 in file ..\logging\exception_vector_table.s
   Uses
      None
Comment: IRQVect unused
IRQ_Addr 00000038

Symbol: IRQ_Addr
   Definitions
      At line 27 in file ..\logging\exception_vector_table.s
   Uses
      At line 16 in file ..\logging\exception_vector_table.s
Comment: IRQ_Addr used once
IRQ_Handler 0000004C

Symbol: IRQ_Handler
   Definitions
      At line 36 in file ..\logging\exception_vector_table.s
   Uses
      At line 27 in file ..\logging\exception_vector_table.s
      At line 36 in file ..\logging\exception_vector_table.s

PAbtVect 0000000C

Symbol: PAbtVect
   Definitions
      At line 13 in file ..\logging\exception_vector_table.s
   Uses
      None
Comment: PAbtVect unused
PAbt_Addr 0000002C

Symbol: PAbt_Addr
   Definitions
      At line 24 in file ..\logging\exception_vector_table.s
   Uses
      At line 13 in file ..\logging\exception_vector_table.s
Comment: PAbt_Addr used once
PAbt_Handler 00000044

Symbol: PAbt_Handler
   Definitions
      At line 34 in file ..\logging\exception_vector_table.s
   Uses
      At line 24 in file ..\logging\exception_vector_table.s
      At line 34 in file ..\logging\exception_vector_table.s

ResetVect 00000000

Symbol: ResetVect
   Definitions
      At line 10 in file ..\logging\exception_vector_table.s
   Uses
      None
Comment: ResetVect unused
Reset_Addr 00000020




ARM Macro Assembler    Page 3 Alphabetic symbol ordering
Relocatable symbols

Symbol: Reset_Addr
   Definitions
      At line 21 in file ..\logging\exception_vector_table.s
   Uses
      At line 10 in file ..\logging\exception_vector_table.s
Comment: Reset_Addr used once
Reset_Handler 00000054

Symbol: Reset_Handler
   Definitions
      At line 38 in file ..\logging\exception_vector_table.s
   Uses
      At line 21 in file ..\logging\exception_vector_table.s
      At line 38 in file ..\logging\exception_vector_table.s

SWIVect 00000008

Symbol: SWIVect
   Definitions
      At line 12 in file ..\logging\exception_vector_table.s
   Uses
      None
Comment: SWIVect unused
SWI_Addr 00000028

Symbol: SWI_Addr
   Definitions
      At line 23 in file ..\logging\exception_vector_table.s
   Uses
      At line 12 in file ..\logging\exception_vector_table.s
Comment: SWI_Addr used once
UndefVect 00000004

Symbol: UndefVect
   Definitions
      At line 11 in file ..\logging\exception_vector_table.s
   Uses
      None
Comment: UndefVect unused
Undef_Addr 00000024

Symbol: Undef_Addr
   Definitions
      At line 22 in file ..\logging\exception_vector_table.s
   Uses
      At line 11 in file ..\logging\exception_vector_table.s
Comment: Undef_Addr used once
Undef_Handler 00000040

Symbol: Undef_Handler
   Definitions
      At line 30 in file ..\logging\exception_vector_table.s
   Uses
      At line 22 in file ..\logging\exception_vector_table.s
      At line 30 in file ..\logging\exception_vector_table.s

21 symbols



ARM Macro Assembler    Page 1 Alphabetic symbol ordering
External symbols

SWI_Handler 00000000

Symbol: SWI_Handler
   Definitions
      At line 32 in file ..\logging\exception_vector_table.s
   Uses
      At line 23 in file ..\logging\exception_vector_table.s
Comment: SWI_Handler used once
1 symbol
353 symbols in table
