


ARM Macro Assembler    Page 1 


    1 00000000         ; This file is used to carry out the required logging op
                       erations
    2 00000000         ; while in supervisor mode. Data is stored and retrieved
                        from static
    3 00000000         ; memory bank 2. A software interrupt is initiated with 
                       a
    4 00000000         ; corresponding flag in the data management assmebly fil
                       e. A jump table
    5 00000000         ; is used to go to the correct label/function based on w
                       hat the SWI
    6 00000000         ; flag is.
    7 00000000         
    8 00000000         ; There are 5 different SWI logging operations:
    9 00000000         ; - store data
   10 00000000         ; - view velocity
   11 00000000         ; - view velocity set point (target velocity)
   12 00000000         ; - view brake state (on/off)
   13 00000000         ; - view DMS (dead man switch) state (on/off)
   14 00000000         
   15 00000000         ; NOTE: registers R0-R3 contain the data to be stored (o
                       nly when storing
   16 00000000         ; data). These registers will thus not be used in this p
                       rogram except
   17 00000000         ; for when data needs to be returned.
   18 00000000         
   19 00000000                 AREA             HANDLER, CODE
   20 00000000                 PRESERVE8
   21 00000000         
   22 00000000                 EXPORT           SWI_Handler
   23 00000000         
   24 00000000 82000000 
                       STA_MEM2_BASE
                               EQU              0x82000000  ; Address of static
                                                             memory bank 2
   25 00000000 00000005 
                       SWI_NUM EQU              5           ; There are 5 diffe
                                                            rent SWI operations
                                                            
   26 00000000         
   27 00000000 00000014 
                       VEL_BYTES
                               EQU              20          ; Number of bytes n
                                                            eeded to search bac
                                                            kwards for velocity
                                                                       
   28 00000000 0000000C 
                       VEL_SET_BYTES
                               EQU              12          ; Number of bytes n
                                                            eeded to search bac
                                                            kwards for velocity
                                                             set point
   29 00000000 00000004 
                       BRAKE_BYTES
                               EQU              4           ; Number of bytes n
                                                            eeded to search bac
                                                            kwards for brake st
                                                            ate
   30 00000000 00000002 
                       DMS_BYTES



ARM Macro Assembler    Page 2 


                               EQU              2           ; Number of bytes n
                                                            eeded to search bac
                                                            kwards for DMS stat
                                                            e
   31 00000000         
   32 00000000         SWI_Handler
   33 00000000 E3A05482        LDR              R5, =STA_MEM2_BASE ; Load adres
                                                            s of static memory 
                                                            bank 2
   34 00000004 E5956000        LDR              R6, [R5]    ; Load current data
                                                             in static memory b
                                                            ank 2
   35 00000008         
   36 00000008 E51EC004        LDR              IP, [LR, #-4] ; Load SWI flag i
                                                            nto IP
   37 0000000C E3CCC4FF        BIC              IP, IP, #0XFF000000 ; Clear top
                                                             8 bits of IP
   38 00000010         
   39 00000010 E35C0005        CMP              IP, #SWI_NUM ; Check function i
                                                            ndex is in range
   40 00000014 379FF10C        LDRLO            PC, [PC, IP, LSL #2] ; Branch t
                                                            o correct handler
   41 00000018         
   42 00000018 EA00001A        B                SWI_OUT_OF_RANGE
   43 0000001C         
   44 0000001C         SWI_JUMP_TABLE                       ; Jump table with e
                                                            ach of the logging 
                                                            operations
   45 0000001C 00000000        DCD              SWI_store
   46 00000020 00000000        DCD              SWI_view_vel
   47 00000024 00000000        DCD              SWI_view_vel_setpoint
   48 00000028 00000000        DCD              SWI_view_brake
   49 0000002C 00000000        DCD              SWI_view_dms
   50 00000030         
   51 00000030         ; Store the 4 pieces of data (R0-R3)
   52 00000030         ; into memory.
   53 00000030         
   54 00000030 E926000F 
                       SWI_store
                               STMFD            R6!, {R0-R3} ; Store data into 
                                                            memory and update b
                                                            ase register after 
                                                            data transfer
   55 00000034         
   56 00000034 EA000014        B                SWI_EXIT
   57 00000038         
   58 00000038         ; Access the value of the velocity
   59 00000038         ; and return the 32 bit result.
   60 00000038         
   61 00000038 E3A07014 
                       SWI_view_vel
                               MOV              R7, #VEL_BYTES
   62 0000003C E0458007        SUB              R8, R5, R7  ; Go back VEL_BYTES
                                                             in memory to get t
                                                            o the location of v
                                                            elocity 
   63 00000040 E5987000        LDR              R7, [R8]    ; Load word (veloci
                                                            ty)
   64 00000044 E1A00007        MOV              R0, R7      ; Return velocity  



ARM Macro Assembler    Page 3 


                                                                
   65 00000048         
   66 00000048 EA00000F        B                SWI_EXIT
   67 0000004C         
   68 0000004C         ; Access the value of the velocity set
   69 0000004C         ; point and return the 32 bit result.
   70 0000004C         
   71 0000004C         SWI_view_vel_setpoint
   72 0000004C E3A0700C        MOV              R7, #VEL_SET_BYTES
   73 00000050 E0458007        SUB              R8, R5, R7  ; Go back VEL_SET_B
                                                            YTES in memory to g
                                                            et to the location 
                                                            of velocity set poi
                                                            nt
   74 00000054 E5987000        LDR              R7, [R8]    ; Load word (veloci
                                                            ty set point)
   75 00000058 E1A00007        MOV              R0, R7      ; Return velocity s
                                                            et point      
   76 0000005C         
   77 0000005C EA00000A        B                SWI_EXIT
   78 00000060         
   79 00000060         ; Access the value of the brake state
   80 00000060         ; and return the 8 bit result.
   81 00000060         
   82 00000060 E3A07004 
                       SWI_view_brake
                               MOV              R7, #BRAKE_BYTES
   83 00000064 E0458007        SUB              R8, R5, R7  ; Go back BRAKE_BYT
                                                            ES in memory to get
                                                             to the location of
                                                             brake state 
   84 00000068 E5D87000        LDRB             R7, [R8]    ; Load byte (brake 
                                                            state)
   85 0000006C E1A00007        MOV              R0, R7      ; Return brake stat
                                                            e      
   86 00000070         
   87 00000070 EA000005        B                SWI_EXIT
   88 00000074         
   89 00000074         ; Access the value of the DMS state
   90 00000074         ; and return the 8 bit result.
   91 00000074         
   92 00000074 E3A07002 
                       SWI_view_dms
                               MOV              R7, #DMS_BYTES
   93 00000078 E0458007        SUB              R8, R5, R7  ; Go back DMS_BYTES
                                                             in memory to get t
                                                            o location of DMS s
                                                            tate 
   94 0000007C E5D87000        LDRB             R7, [R8]    ; Load byte (DMS st
                                                            ate)
   95 00000080 E1A00007        MOV              R0, R7      ; Return DMS state 
                                                                 
   96 00000084         
   97 00000084 EA000000        B                SWI_EXIT
   98 00000088         
   99 00000088         ; Branch here if an unknown SWI flag
  100 00000088         ; is used with the SWI command in the
  101 00000088         ; data management file.
  102 00000088         



ARM Macro Assembler    Page 4 


  103 00000088         SWI_OUT_OF_RANGE
  104 00000088 E3E00000        MOV              R0, #-1     ; Throw error
  105 0000008C         
  106 0000008C         SWI_EXIT
  107 0000008C E1B0F00E        MOVS             PC, LR      ; Exit supervisor m
                                                            ode
  108 00000090         
  109 00000090                 END
Command Line: --debug --xref --apcs=interwork --depend=.\swi_handler.d -o.\swi_
handler.o -IC:\Keil\ARM\RV31\Inc -IC:\Keil\ARM\CMSIS\Include -IC:\Keil\ARM\Inc\
Philips --predefine="__EVAL SETA 1" --list=.\swi_handler.lst ..\logging\swi_han
dler.s



ARM Macro Assembler    Page 1 Alphabetic symbol ordering
Relocatable symbols

HANDLER 00000000

Symbol: HANDLER
   Definitions
      At line 19 in file ..\logging\swi_handler.s
   Uses
      None
Comment: HANDLER unused
SWI_EXIT 0000008C

Symbol: SWI_EXIT
   Definitions
      At line 106 in file ..\logging\swi_handler.s
   Uses
      At line 56 in file ..\logging\swi_handler.s
      At line 66 in file ..\logging\swi_handler.s
      At line 77 in file ..\logging\swi_handler.s
      At line 87 in file ..\logging\swi_handler.s
      At line 97 in file ..\logging\swi_handler.s

SWI_Handler 00000000

Symbol: SWI_Handler
   Definitions
      At line 32 in file ..\logging\swi_handler.s
   Uses
      At line 22 in file ..\logging\swi_handler.s
Comment: SWI_Handler used once
SWI_JUMP_TABLE 0000001C

Symbol: SWI_JUMP_TABLE
   Definitions
      At line 44 in file ..\logging\swi_handler.s
   Uses
      None
Comment: SWI_JUMP_TABLE unused
SWI_OUT_OF_RANGE 00000088

Symbol: SWI_OUT_OF_RANGE
   Definitions
      At line 103 in file ..\logging\swi_handler.s
   Uses
      At line 42 in file ..\logging\swi_handler.s
Comment: SWI_OUT_OF_RANGE used once
SWI_store 00000030

Symbol: SWI_store
   Definitions
      At line 54 in file ..\logging\swi_handler.s
   Uses
      At line 45 in file ..\logging\swi_handler.s
Comment: SWI_store used once
SWI_view_brake 00000060

Symbol: SWI_view_brake
   Definitions
      At line 82 in file ..\logging\swi_handler.s
   Uses
      At line 48 in file ..\logging\swi_handler.s



ARM Macro Assembler    Page 2 Alphabetic symbol ordering
Relocatable symbols

Comment: SWI_view_brake used once
SWI_view_dms 00000074

Symbol: SWI_view_dms
   Definitions
      At line 92 in file ..\logging\swi_handler.s
   Uses
      At line 49 in file ..\logging\swi_handler.s
Comment: SWI_view_dms used once
SWI_view_vel 00000038

Symbol: SWI_view_vel
   Definitions
      At line 61 in file ..\logging\swi_handler.s
   Uses
      At line 46 in file ..\logging\swi_handler.s
Comment: SWI_view_vel used once
SWI_view_vel_setpoint 0000004C

Symbol: SWI_view_vel_setpoint
   Definitions
      At line 71 in file ..\logging\swi_handler.s
   Uses
      At line 47 in file ..\logging\swi_handler.s
Comment: SWI_view_vel_setpoint used once
10 symbols



ARM Macro Assembler    Page 1 Alphabetic symbol ordering
Absolute symbols

BRAKE_BYTES 00000004

Symbol: BRAKE_BYTES
   Definitions
      At line 29 in file ..\logging\swi_handler.s
   Uses
      At line 82 in file ..\logging\swi_handler.s
Comment: BRAKE_BYTES used once
DMS_BYTES 00000002

Symbol: DMS_BYTES
   Definitions
      At line 30 in file ..\logging\swi_handler.s
   Uses
      At line 92 in file ..\logging\swi_handler.s
Comment: DMS_BYTES used once
STA_MEM2_BASE 82000000

Symbol: STA_MEM2_BASE
   Definitions
      At line 24 in file ..\logging\swi_handler.s
   Uses
      At line 33 in file ..\logging\swi_handler.s
Comment: STA_MEM2_BASE used once
SWI_NUM 00000005

Symbol: SWI_NUM
   Definitions
      At line 25 in file ..\logging\swi_handler.s
   Uses
      At line 39 in file ..\logging\swi_handler.s
Comment: SWI_NUM used once
VEL_BYTES 00000014

Symbol: VEL_BYTES
   Definitions
      At line 27 in file ..\logging\swi_handler.s
   Uses
      At line 61 in file ..\logging\swi_handler.s
Comment: VEL_BYTES used once
VEL_SET_BYTES 0000000C

Symbol: VEL_SET_BYTES
   Definitions
      At line 28 in file ..\logging\swi_handler.s
   Uses
      At line 72 in file ..\logging\swi_handler.s
Comment: VEL_SET_BYTES used once
6 symbols
347 symbols in table
